<?xml version="1.0" encoding="UTF-8" ?>
<testsuites>
<testsuite name="Frisby Test: Get All Jobs!" errors="0" tests="1" failures="0" time="0.178" timestamp="2017-04-21T19:32:25">
  <testcase classname="Frisby Test: Get All Jobs!" name="
	[ GET http://peachteam35.uksouth.cloudapp.azure.com:8080/api/jobs ]" time="0.176"></testcase>
</testsuite>
</testsuites>