<?xml version="1.0" encoding="UTF-8" ?>
<testsuites>
<testsuite name="Frisby Test: Wrong Api Call!" errors="0" tests="1" failures="0" time="0.099" timestamp="2017-04-21T19:32:25">
  <testcase classname="Frisby Test: Wrong Api Call!" name="
	[ GET http://peachteam35.uksouth.cloudapp.azure.com:8080/api/wrongApiCall ]" time="0.099"></testcase>
</testsuite>
</testsuites>